<b>Help file compile finished: 8/27/2010 1:52:30 AM</b>
<b><font color=red>Helpmatic Warning:</font></b> No keywords defined to display in index pane.

<i><font color=blue>Help compiler log follows...</font></i><p><hr>
Microsoft HTML Help Compiler 4.74.8702

Compiling e:\Workspace\SVN Managed\click\trunk\XLua\Help\HMP\xlua.chm

xlua.htm
ext_mmfi_object.htm
ext_mmfi_object_common_destroy.htm
ext.htm
ext_mmfi_object_ao_overlapsbg.htm
ext_mmfi_object_ao_overlapsobject.htm
act_runfile.htm
act_runstring.htm
act_runnamedstring.htm
ext_mmfi_object_display.htm
ext_mmfi_object_common.htm
ext_mmfi_object_movement.htm
ext_mmfi_object_anim.htm
ext_mmfi_object_values.htm
ext_mmfi_object_display_isabove.htm
ext_mmfi_object_display_isbelow.htm
ext_mmfi_object_display_moveabove.htm
ext_mmfi_object_display_movebelow.htm
ext_mmfi_object_display_movetoback.htm
ext_mmfi_object_display_movetofront.htm
ext_mmfi_object_display_swaporder.htm
ext_mmfi.htm
ext_mmfi_class.htm
ext_mmfi_frame.htm
ext_mmfi_window.htm
ext_mmfi_runtime.htm
ext_mmfi_mouse.htm
ext_mmfi_keyboard.htm
ext_mmfi_constants.htm
ext_mmfi_class_randomobject.htm
ext_mmfi_frame_testpoint.htm
ext_mmfi_frame_testrect.htm
ext_mmfi_api.htm
ext_mmfi_newobject.htm
ext_mmfi_newobjectclass.htm
ext_mmfi_object_display_testbackdrop.htm
ext_mmfi_object_display_testclass.htm
ext_mmfi_object_display_testobject.htm
ext_mmfi_object_display_testpoint.htm
ext_mmfi_object_display_testrect.htm
ext_mmfi_mouse_buttondown.htm
ext_mmfi_mouse_buttonup.htm
ext_mmfi_keyboard_keydown.htm
ext_mmfi_keyboard_keyup.htm
ext_mmfi_runtime_playerscore.htm
ext_mmfi_runtime_playerlives.htm
ext_mmfi_runtime_setplayerlives.htm
ext_mmfi_runtime_setplayerscore.htm
ext_mmfi_object_counter.htm
ext_mmfi_object_string.htm
ext_mmfi_object_array.htm
ext_mmfi_object_array_clear.htm
ext_mmfi_object_array_get.htm
ext_mmfi_object_array_set.htm
ext_mmfi_class_testbackdrop.htm
ext_mmfi_class_testbackdropget.htm
ext_mmfi_class_testpoint.htm
ext_mmfi_class_testpointget.htm
ext_mmfi_class_testrect.htm
ext_mmfi_class_testrectget.htm
ext_mmfi_class_testobject.htm
ext_mmfi_class_testobjectget.htm
ext_mmfi_class_testclass.htm
ext_mmfi_class_testclassget.htm
ext_mmfi_class_testclassgetex.htm
ext_array.htm
ext_array_set.htm
ext_array_destroy.htm
ext_array_dimensions.htm
ext_array_dimsize.htm
ext_array_size.htm
ext_array_reset.htm
ext_array_resize.htm
ext_array_clone.htm
ext_array_at.htm
ext_array_new.htm
act_state.htm
act_config_error.htm
act_config_print.htm
act_config_backtraces.htm
act_lua_inline.htm
act_lua.htm
act_lua_table.htm
act_config.htm
act_mmf.htm
act_mmf_table.htm
act_mmf_group.htm
act_vars.htm
act_localstore.htm
act_libraries.htm
act_mmfi.htm
act_wini.htm
act.htm
cond.htm
cond_groups.htm
cond_selections.htm
expr.htm
expr_config.htm
expr_lua.htm
expr_lua_call.htm
expr_lua_call_numeric.htm
expr_lua_call_string.htm
expr_mmf.htm
expr_vars.htm
expr_localstore.htm
props.htm
props_state.htm
props_interface.htm
props_io.htm
props_script.htm
xlua_lic.htm
topics.htm
topics_funcgroups.htm
topics_lualib.htm
topics_require.htm
topics_lualib_osmicroclock.htm
topics_lualib_docall.htm
topics_build.htm
topics_build_socket.htm
xlua.hhc
images\exticon.gif
images\xlua_editor.png
images\luasock_pe.png
default.css

Compile time: 0 minutes, 0 seconds
120	Topics
855	Local links
12	Internet links
3	Graphics


Created e:\Workspace\SVN Managed\click\trunk\XLua\Help\HMP\xlua.chm, 175,013 bytes
Compression decreased file by 253,045 bytes.

